(13:52:57) INFO:    [Legendary]:        Legendary location: /nix/store/gs5nxwkkslk2shb8kcl0apgg2161jp51-heroic-unwrapped-2.10.0/share/heroic/build/bin/linux/legendary
(13:52:57) INFO:    [Gog]:              GOGDL location: /nix/store/gs5nxwkkslk2shb8kcl0apgg2161jp51-heroic-unwrapped-2.10.0/share/heroic/build/bin/linux/gogdl
(13:52:57) INFO:    [Connection]:       Connectivity: check-online
(13:52:57) INFO:    [Connection]:       Pinging external endpoints
(13:52:57) INFO:    [Backend]:          DRM modules disabled for nixpkgs
(13:52:58) WARNING: [Backend]:          Failed to register protocol with OS.
(13:52:58) INFO:    [Backend]:          Loading Screen Ready
(13:52:58) INFO:    [Backend]:          Frontend Ready
(13:52:58) INFO:    [Backend]:          Checking for new Heroic Updates
(13:52:58) INFO:    [Backend]:          Checking for current version changelog
(13:52:58) INFO:    [Connection]:       Connectivity: online
(13:52:58) INFO:    [Backend]:          User Not Found, removing it from Store
(13:52:58) ERROR:   [Gog]:              Unable to syncQueued playtime, userData not present
(13:53:00) INFO:    [Winetricks]:       Downloading Winetricks
(13:53:01) WARNING: [Winetricks]:       Error Downloading Winetricks Error: timeout of 1000ms exceeded
    at createError (/nix/store/gs5nxwkkslk2shb8kcl0apgg2161jp51-heroic-unwrapped-2.10.0/share/heroic/node_modules/axios/lib/core/createError.js:16:15)
    at RedirectableRequest.handleRequestTimeout (/nix/store/gs5nxwkkslk2shb8kcl0apgg2161jp51-heroic-unwrapped-2.10.0/share/heroic/node_modules/axios/lib/adapters/http.js:369:16)
    at RedirectableRequest.emit (node:events:514:28)
    at Timeout.<anonymous> (/nix/store/gs5nxwkkslk2shb8kcl0apgg2161jp51-heroic-unwrapped-2.10.0/share/heroic/node_modules/follow-redirects/index.js:179:12)
    at listOnTimeout (node:internal/timers:569:17)
    at process.processTimers (node:internal/timers:512:7)
(13:53:02) INFO:    [WineDownloader]:   Updating wine versions info
(13:53:02) INFO:    [WineDownloader]:   Fetching upstream information...
(13:53:03) INFO:    [Backend]:          Starting the Download Queue
(13:53:05) INFO:    [WineDownloader]:   wine versions updated
(13:53:10) INFO:    [Backend]:          Writing config for g74D1K9bXnxfKshWSaaTw3
(13:53:10) INFO:    [Backend]:          Changed config: winePrefix from /home/jon/Games/Heroic/Prefixes/default to /home/jon/Games/Heroic/Prefixes/default/Title
(13:53:10) INFO:    [Backend]:          Checking if wine version exists: Wine - Wine-GE-latest
(13:53:10) DEBUG:   [Backend]:          Running Wine command: /home/jon/mounts/Game Installers/FitGirl Repack/GTA IV - Complete Edition [FitGirl Repack]/setup.exe
(13:55:08) WARNING: [Backend]:          Failed download of AreWeAntiCheatYet data: Error: connect ETIMEDOUT 2606:50c0:8002::154:443
(13:55:08) INFO:    [Legendary]:        Running command: LEGENDARY_CONFIG_PATH=/home/jon/.config/heroic/legendaryConfig/legendary /nix/store/gs5nxwkkslk2shb8kcl0apgg2161jp51-heroic-unwrapped-2.10.0/share/heroic/build/bin/linux/legendary --version
(13:55:08) INFO:    [Gog]:              Running command: /nix/store/gs5nxwkkslk2shb8kcl0apgg2161jp51-heroic-unwrapped-2.10.0/share/heroic/build/bin/linux/gogdl --auth-config-path /home/jon/.config/heroic/gog_store/auth.json --version
(13:55:09) INFO:    [Nile]:             Running command: NILE_CONFIG_PATH=/home/jon/.config/heroic/nile_config /nix/store/gs5nxwkkslk2shb8kcl0apgg2161jp51-heroic-unwrapped-2.10.0/share/heroic/build/bin/linux/nile --version
(13:55:09) INFO:    [Backend]:          
System Information:
CPU: 16x AMD Ryzen 7 3700X 8-Core Processor
Memory: 33.57 GB (used: 7.33 GB)
GPUs:
  GPU 0:
    Name: undefined undefined
    IDs: D=73bf V=1002 SD=6705 SV=1eae
    Driver: amdgpu
OS: NixOS 23.11 (Tapir) (linux)

The current system is not a Steam Deck
We are not running inside a Flatpak container

Software Versions:
  Heroic: 2.10.0 Jewelry Bonney
  Legendary: 0.20.33 Undue Alarm
  gogdl: 0.7.3
  Nile: 1.0.0 Jonathan Joestar

(14:39:14) INFO:    [Backend]:          Exitting to tray instead of quitting
